<?xml version="1.0" encoding="UTF-8"?>
<!-- Generated by org.testng.reporters.JUnitXMLReporter -->
<testsuite ignored="0" hostname="MacBookAir.lan" failures="0" tests="2" name="RetryDataProviderTest" time="0.078" errors="0" timestamp="2025-08-21T09:38:08 IST">
  <testcase classname="Projects.RetriableDataProviderSample" name="sampleTestMethod" time="0.017"/>
  <testcase classname="Projects.RetriableDataProviderSample" name="sampleTestMethod" time="0.002"/>
</testsuite> <!-- RetryDataProviderTest -->
