<?xml version="1.0" encoding="UTF-8"?>
<testng-results ignored="0" total="2" passed="2" failed="0" skipped="0">
  <reporter-output>
  </reporter-output>
  <suite started-at="2025-08-21T09:38:08 IST" name="RetryDataProviderSuite" finished-at="2025-08-21T09:38:08 IST" duration-ms="78">
    <groups>
    </groups>
    <test started-at="2025-08-21T09:38:08 IST" name="RetryDataProviderTest" finished-at="2025-08-21T09:38:08 IST" duration-ms="78">
      <class name="Projects.RetriableDataProviderSample">
        <test-method signature="sampleTestMethod(int)[pri:0, instance:Projects.RetriableDataProviderSample@128d2484]" started-at="2025-08-21T09:38:08 IST" name="sampleTestMethod" data-provider="test-data" finished-at="2025-08-21T09:38:08 IST" duration-ms="17" status="PASS">
          <params>
            <param index="0">
              <value>
                <![CDATA[1]]>
              </value>
            </param>
          </params>
          <reporter-output>
          </reporter-output>
        </test-method> <!-- sampleTestMethod -->
        <test-method signature="sampleTestMethod(int)[pri:0, instance:Projects.RetriableDataProviderSample@128d2484]" started-at="2025-08-21T09:38:08 IST" name="sampleTestMethod" data-provider="test-data" finished-at="2025-08-21T09:38:08 IST" duration-ms="2" status="PASS">
          <params>
            <param index="0">
              <value>
                <![CDATA[2]]>
              </value>
            </param>
          </params>
          <reporter-output>
          </reporter-output>
        </test-method> <!-- sampleTestMethod -->
      </class> <!-- Projects.RetriableDataProviderSample -->
    </test> <!-- RetryDataProviderTest -->
  </suite> <!-- RetryDataProviderSuite -->
</testng-results>
